Loading data from: outputs/esm_small_2000
Feature prefix: basic
Model: svr
Shapes:
  X_train: (1390, 29)
  X_val  : (298, 29)
  X_test : (299, 29)
  y_train: (1390,)
  y_val  : (298,)
  y_test : (299,)
DONE
{
  "feature_prefix": "basic",
  "model": "svr",
  "seed": 42,
  "n_train": 1390,
  "n_val": 298,
  "n_test": 299,
  "input_dim": 29,
  "val_metrics": {
    "pearson": 0.8184515670861399,
    "spearman": 0.783353151517243,
    "mae": 5.573307004733419,
    "rmse": 7.144258402580223,
    "r2": 0.6649526519956435
  },
  "test_metrics": {
    "pearson": 0.8305867326388056,
    "spearman": 0.8107585836225968,
    "mae": 5.809416750275455,
    "rmse": 7.598172624686957,
    "r2": 0.6848526360484257
  }
}
