Loading data from: outputs/esm_small_2000
Feature prefix: basic
Model: xgb
Shapes:
  X_train: (1390, 29)
  X_val  : (298, 29)
  X_test : (299, 29)
  y_train: (1390,)
  y_val  : (298,)
  y_test : (299,)
DONE
{
  "feature_prefix": "basic",
  "model": "xgb",
  "seed": 42,
  "n_train": 1390,
  "n_val": 298,
  "n_test": 299,
  "input_dim": 29,
  "val_metrics": {
    "pearson": 0.8108481168746948,
    "spearman": 0.779156590864879,
    "mae": 5.505236625671387,
    "rmse": 7.242559363767432,
    "r2": 0.655669093132019
  },
  "test_metrics": {
    "pearson": 0.8379865288734436,
    "spearman": 0.8036222134765819,
    "mae": 5.883044719696045,
    "rmse": 7.406751655940236,
    "r2": 0.7005316615104675
  }
}
