Loading data from: outputs/esm_small_2000
Feature prefix: esm
Model: ridge
Shapes:
  X_train: (1390, 320)
  X_val  : (298, 320)
  X_test : (299, 320)
  y_train: (1390,)
  y_val  : (298,)
  y_test : (299,)
DONE
{
  "feature_prefix": "esm",
  "model": "ridge",
  "seed": 42,
  "n_train": 1390,
  "n_val": 298,
  "n_test": 299,
  "input_dim": 320,
  "val_metrics": {
    "pearson": 0.9145064353942871,
    "spearman": 0.9027396224700884,
    "mae": 3.743544101715088,
    "rmse": 5.000356280031063,
    "r2": 0.8358678221702576
  },
  "test_metrics": {
    "pearson": 0.9244036674499512,
    "spearman": 0.914346723509512,
    "mae": 4.019265651702881,
    "rmse": 5.203865067371011,
    "r2": 0.8521751761436462
  }
}
