Loading data from: outputs/esm_small_2000
Feature prefix: esm
Model: svr
Shapes:
  X_train: (1390, 320)
  X_val  : (298, 320)
  X_test : (299, 320)
  y_train: (1390,)
  y_val  : (298,)
  y_test : (299,)
DONE
{
  "feature_prefix": "esm",
  "model": "svr",
  "seed": 42,
  "n_train": 1390,
  "n_val": 298,
  "n_test": 299,
  "input_dim": 320,
  "val_metrics": {
    "pearson": 0.9305034649643771,
    "spearman": 0.9253818685659169,
    "mae": 3.3781324236751207,
    "rmse": 4.607150580432785,
    "r2": 0.8606661330975869
  },
  "test_metrics": {
    "pearson": 0.9287549007447663,
    "spearman": 0.9316746373950185,
    "mae": 3.692305157391104,
    "rmse": 5.089962040619708,
    "r2": 0.8585755646324235
  }
}
