DONE
{
  "feature_prefix": "esm",
  "model": "ridge",
  "seed": 42,
  "input_dim": 1280,
  "params": {
    "alpha": 100.0
  },
  "val_metrics": {
    "pearson": 0.9614981412887573,
    "spearman": 0.9603400542000617,
    "mae": 2.615873336791992,
    "rmse": 3.582647006525239,
    "r2": 0.9240503311157227
  },
  "test_metrics": {
    "pearson": 0.9572350978851318,
    "spearman": 0.9535822644652308,
    "mae": 2.6757802963256836,
    "rmse": 3.7476357954690522,
    "r2": 0.9159740805625916
  }
}
