DONE
{
  "feature_prefix": "esm",
  "model": "ridge",
  "seed": 42,
  "input_dim": 1280,
  "params": {
    "alpha": 100.0
  },
  "val_metrics": {
    "pearson": 0.9487499594688416,
    "spearman": 0.9394271623544518,
    "mae": 2.956055164337158,
    "rmse": 3.904426209987306,
    "r2": 0.8999294638633728
  },
  "test_metrics": {
    "pearson": 0.958357572555542,
    "spearman": 0.9552307418394995,
    "mae": 2.8845391273498535,
    "rmse": 3.8743190782390813,
    "r2": 0.9180618524551392
  }
}
